[debug] [2019-11-11T11:15:26.168Z] ----------------------------------------------------------------------
[debug] [2019-11-11T11:15:26.170Z] Command:       D:\node\node.exe C:\Users\Guisharko\AppData\Roaming\npm\node_modules\firebase-tools\lib\bin\firebase.js deploy
[debug] [2019-11-11T11:15:26.171Z] CLI Version:   7.7.0
[debug] [2019-11-11T11:15:26.171Z] Platform:      win32
[debug] [2019-11-11T11:15:26.171Z] Node Version:  v10.16.3
[debug] [2019-11-11T11:15:26.211Z] Time:          Mon Nov 11 2019 12:15:26 GMT+0100 (GMT+01:00)
[debug] [2019-11-11T11:15:26.211Z] ----------------------------------------------------------------------
[debug] [2019-11-11T11:15:26.211Z] 
[debug] [2019-11-11T11:15:26.222Z] > command requires scopes: ["email","openid","https://www.googleapis.com/auth/cloudplatformprojects.readonly","https://www.googleapis.com/auth/firebase","https://www.googleapis.com/auth/cloud-platform"]
[debug] [2019-11-11T11:15:26.223Z] > authorizing via signed-in user
[debug] [2019-11-11T11:15:26.223Z] [iam] checking project frontiere-elagage for permissions ["cloudfunctions.functions.create","cloudfunctions.functions.delete","cloudfunctions.functions.get","cloudfunctions.functions.list","cloudfunctions.functions.update","cloudfunctions.operations.get","datastore.indexes.create","datastore.indexes.delete","datastore.indexes.list","datastore.indexes.update","firebase.projects.get","firebasedatabase.instances.update","firebasehosting.sites.update"]
[debug] [2019-11-11T11:15:26.224Z] > refreshing access token with scopes: ["email","https://www.googleapis.com/auth/cloud-platform","https://www.googleapis.com/auth/cloudplatformprojects.readonly","https://www.googleapis.com/auth/firebase","openid"]
[debug] [2019-11-11T11:15:26.225Z] >>> HTTP REQUEST POST https://www.googleapis.com/oauth2/v3/token  
 <request body omitted>
[debug] [2019-11-11T11:15:26.416Z] <<< HTTP RESPONSE 200
[debug] [2019-11-11T11:15:26.424Z] >>> HTTP REQUEST POST https://cloudresourcemanager.googleapis.com/v1/projects/frontiere-elagage:testIamPermissions  

[debug] [2019-11-11T11:15:27.307Z] <<< HTTP RESPONSE 200
[debug] [2019-11-11T11:15:27.311Z] >>> HTTP REQUEST GET https://firebase.googleapis.com/v1beta1/projects/frontiere-elagage  
 
[debug] [2019-11-11T11:15:27.548Z] <<< HTTP RESPONSE 200
[info] 
[info] === Deploying to 'frontiere-elagage'...
[info] 
[info] i  deploying database, firestore, functions, hosting
[info] Running command: npm --prefix "$RESOURCE_DIR" run lint
[info] Running command: npm --prefix "$RESOURCE_DIR" run build
[info] +  functions: Finished running predeploy script.
[info] i  database: checking rules syntax...
[debug] [2019-11-11T11:15:52.810Z] >>> HTTP REQUEST PUT https://frontiere-elagage.firebaseio.com/.settings/rules.json?dryRun=true  
 {
  /* Visit https://firebase.google.com/docs/database/security to learn more about security rules. */
  "rules": {
    ".read": false,
    ".write": false
  }
}
[debug] [2019-11-11T11:15:53.377Z] <<< HTTP RESPONSE 200
[info] +  database: rules syntax for database frontiere-elagage is valid
[info] i  firestore: checking firestore.rules for compilation errors...
[info] i  firestore: reading indexes from firestore.indexes.json...
[debug] [2019-11-11T11:15:53.382Z] >>> HTTP REQUEST POST https://firebaserules.googleapis.com/v1/projects/frontiere-elagage:test  

[debug] [2019-11-11T11:15:58.538Z] <<< HTTP RESPONSE 500
[debug] [2019-11-11T11:15:58.538Z] <<< HTTP RESPONSE BODY
[error] 
[error] Error: HTTP Error: 500, Internal error encountered.
[debug] [2019-11-11T11:15:58.542Z] Error Context: {
  "body": {
    "error": {
      "code": 500,
      "message": "Internal error encountered.",
      "status": "INTERNAL"
    }
  },
  "response": {
    "statusCode": 500,
    "body": {
      "error": {
        "code": 500,
        "message": "Internal error encountered.",
        "status": "INTERNAL"
      }
    },
    "headers": {
      "vary": "X-Origin, Referer, Origin,Accept-Encoding",
      "content-type": "application/json; charset=UTF-8",
      "date": "Mon, 11 Nov 2019 11:15:57 GMT",
      "server": "ESF",
      "cache-control": "private",
      "x-xss-protection": "0",
      "x-frame-options": "SAMEORIGIN",
      "x-content-type-options": "nosniff",
      "alt-svc": "quic=\":443\"; ma=2592000; v=\"46,43\",h3-Q050=\":443\"; ma=2592000,h3-Q049=\":443\"; ma=2592000,h3-Q048=\":443\"; ma=2592000,h3-Q046=\":443\"; ma=2592000,h3-Q043=\":443\"; ma=2592000",
      "accept-ranges": "none",
      "transfer-encoding": "chunked"
    },
    "request": {
      "uri": {
        "protocol": "https:",
        "slashes": true,
        "auth": null,
        "host": "firebaserules.googleapis.com",
        "port": 443,
        "hostname": "firebaserules.googleapis.com",
        "hash": null,
        "search": null,
        "query": null,
        "pathname": "/v1/projects/frontiere-elagage:test",
        "path": "/v1/projects/frontiere-elagage:test",
        "href": "https://firebaserules.googleapis.com/v1/projects/frontiere-elagage:test"
      },
      "method": "POST"
    }
  }
}
[debug] [2019-11-11T11:19:36.484Z] ----------------------------------------------------------------------
[debug] [2019-11-11T11:19:36.486Z] Command:       D:\node\node.exe C:\Users\Guisharko\AppData\Roaming\npm\node_modules\firebase-tools\lib\bin\firebase.js deploy
[debug] [2019-11-11T11:19:36.486Z] CLI Version:   7.7.0
[debug] [2019-11-11T11:19:36.486Z] Platform:      win32
[debug] [2019-11-11T11:19:36.486Z] Node Version:  v10.16.3
[debug] [2019-11-11T11:19:36.487Z] Time:          Mon Nov 11 2019 12:19:36 GMT+0100 (GMT+01:00)
[debug] [2019-11-11T11:19:36.487Z] ----------------------------------------------------------------------
[debug] [2019-11-11T11:19:36.487Z] 
[debug] [2019-11-11T11:19:36.493Z] > command requires scopes: ["email","openid","https://www.googleapis.com/auth/cloudplatformprojects.readonly","https://www.googleapis.com/auth/firebase","https://www.googleapis.com/auth/cloud-platform"]
[debug] [2019-11-11T11:19:36.494Z] > authorizing via signed-in user
[debug] [2019-11-11T11:19:36.494Z] [iam] checking project frontiere-elagage for permissions ["cloudfunctions.functions.create","cloudfunctions.functions.delete","cloudfunctions.functions.get","cloudfunctions.functions.list","cloudfunctions.functions.update","cloudfunctions.operations.get","datastore.indexes.create","datastore.indexes.delete","datastore.indexes.list","datastore.indexes.update","firebase.projects.get","firebasedatabase.instances.update","firebasehosting.sites.update"]
[debug] [2019-11-11T11:19:36.496Z] >>> HTTP REQUEST POST https://cloudresourcemanager.googleapis.com/v1/projects/frontiere-elagage:testIamPermissions  

[debug] [2019-11-11T11:19:44.152Z] <<< HTTP RESPONSE 500
[debug] [2019-11-11T11:19:44.152Z] <<< HTTP RESPONSE BODY
[error] 
[error] Error: HTTP Error: 500, Internal error encountered.
[debug] [2019-11-11T11:19:44.158Z] Error Context: {
  "body": {
    "error": {
      "code": 500,
      "message": "Internal error encountered.",
      "status": "INTERNAL"
    }
  },
  "response": {
    "statusCode": 500,
    "body": {
      "error": {
        "code": 500,
        "message": "Internal error encountered.",
        "status": "INTERNAL"
      }
    },
    "headers": {
      "vary": "X-Origin, Referer, Origin,Accept-Encoding",
      "content-type": "application/json; charset=UTF-8",
      "date": "Mon, 11 Nov 2019 11:19:42 GMT",
      "server": "ESF",
      "cache-control": "private",
      "x-xss-protection": "0",
      "x-frame-options": "SAMEORIGIN",
      "x-content-type-options": "nosniff",
      "server-timing": "gfet4t7; dur=7546",
      "alt-svc": "quic=\":443\"; ma=2592000; v=\"46,43\",h3-Q050=\":443\"; ma=2592000,h3-Q049=\":443\"; ma=2592000,h3-Q048=\":443\"; ma=2592000,h3-Q046=\":443\"; ma=2592000,h3-Q043=\":443\"; ma=2592000",
      "accept-ranges": "none",
      "transfer-encoding": "chunked"
    },
    "request": {
      "uri": {
        "protocol": "https:",
        "slashes": true,
        "auth": null,
        "host": "cloudresourcemanager.googleapis.com",
        "port": 443,
        "hostname": "cloudresourcemanager.googleapis.com",
        "hash": null,
        "search": null,
        "query": null,
        "pathname": "/v1/projects/frontiere-elagage:testIamPermissions",
        "path": "/v1/projects/frontiere-elagage:testIamPermissions",
        "href": "https://cloudresourcemanager.googleapis.com/v1/projects/frontiere-elagage:testIamPermissions"
      },
      "method": "POST"
    }
  }
}
[debug] [2019-11-11T11:20:11.985Z] ----------------------------------------------------------------------
[debug] [2019-11-11T11:20:11.987Z] Command:       D:\node\node.exe C:\Users\Guisharko\AppData\Roaming\npm\node_modules\firebase-tools\lib\bin\firebase.js deploy
[debug] [2019-11-11T11:20:11.987Z] CLI Version:   7.7.0
[debug] [2019-11-11T11:20:11.987Z] Platform:      win32
[debug] [2019-11-11T11:20:11.987Z] Node Version:  v10.16.3
[debug] [2019-11-11T11:20:11.988Z] Time:          Mon Nov 11 2019 12:20:11 GMT+0100 (GMT+01:00)
[debug] [2019-11-11T11:20:11.988Z] ----------------------------------------------------------------------
[debug] [2019-11-11T11:20:11.988Z] 
[debug] [2019-11-11T11:20:11.994Z] > command requires scopes: ["email","openid","https://www.googleapis.com/auth/cloudplatformprojects.readonly","https://www.googleapis.com/auth/firebase","https://www.googleapis.com/auth/cloud-platform"]
[debug] [2019-11-11T11:20:11.995Z] > authorizing via signed-in user
[debug] [2019-11-11T11:20:11.995Z] [iam] checking project frontiere-elagage for permissions ["cloudfunctions.functions.create","cloudfunctions.functions.delete","cloudfunctions.functions.get","cloudfunctions.functions.list","cloudfunctions.functions.update","cloudfunctions.operations.get","datastore.indexes.create","datastore.indexes.delete","datastore.indexes.list","datastore.indexes.update","firebase.projects.get","firebasedatabase.instances.update","firebasehosting.sites.update"]
[debug] [2019-11-11T11:20:11.997Z] >>> HTTP REQUEST POST https://cloudresourcemanager.googleapis.com/v1/projects/frontiere-elagage:testIamPermissions  

[debug] [2019-11-11T11:20:12.977Z] <<< HTTP RESPONSE 200
[debug] [2019-11-11T11:20:12.986Z] >>> HTTP REQUEST GET https://firebase.googleapis.com/v1beta1/projects/frontiere-elagage  
 
[debug] [2019-11-11T11:20:13.178Z] <<< HTTP RESPONSE 200
